# JRE version: OpenJDK Runtime Environment (11.0.2+9) (build 11.0.2+9)
# Java VM: OpenJDK 64-Bit Server VM (11.0.2+9, mixed mode, tiered, compressed oops, g1 gc, windows-amd64)
Heap:
 garbage-first heap   total 370688K, used 188077K [0x0000000080000000, 0x0000000100000000)
  region size 1024K, 38 young (38912K), 7 survivors (7168K)
 Metaspace       used 105249K, capacity 109321K, committed 109520K, reserved 610304K
  class space    used 13914K, capacity 15448K, committed 15488K, reserved 516096K
GC Heap History (10 events):
Event: 19.983 GC heap before
{Heap before GC invocations=62 (full 0):
 garbage-first heap   total 187392K, used 153412K [0x0000000080000000, 0x0000000100000000)
  region size 1024K, 18 young (18432K), 1 survivors (1024K)
 Metaspace       used 100976K, capacity 104693K, committed 105040K, reserved 608256K
  class space    used 13364K, capacity 14726K, committed 14848K, reserved 516096K
}
Event: 19.989 GC heap after
{Heap after GC invocations=63 (full 0):
 garbage-first heap   total 279552K, used 137548K [0x0000000080000000, 0x0000000100000000)
  region size 1024K, 3 young (3072K), 3 survivors (3072K)
 Metaspace       used 100976K, capacity 104693K, committed 105040K, reserved 608256K
  class space    used 13364K, capacity 14726K, committed 14848K, reserved 516096K
}
Event: 20.465 GC heap before
{Heap before GC invocations=63 (full 0):
 garbage-first heap   total 279552K, used 182604K [0x0000000080000000, 0x0000000100000000)
  region size 1024K, 48 young (49152K), 3 survivors (3072K)
 Metaspace       used 101523K, capacity 105294K, committed 105552K, reserved 608256K
  class space    used 13437K, capacity 14837K, committed 14848K, reserved 516096K
}
Event: 20.469 GC heap after
{Heap after GC invocations=64 (full 0):
 garbage-first heap   total 279552K, used 139142K [0x0000000080000000, 0x0000000100000000)
  region size 1024K, 5 young (5120K), 5 survivors (5120K)
 Metaspace       used 101523K, capacity 105294K, committed 105552K, reserved 608256K
  class space    used 13437K, capacity 14837K, committed 14848K, reserved 516096K
}
Event: 20.590 GC heap before
{Heap before GC invocations=65 (full 0):
 garbage-first heap   total 279552K, used 148358K [0x0000000080000000, 0x0000000100000000)
  region size 1024K, 14 young (14336K), 5 survivors (5120K)
 Metaspace       used 101546K, capacity 105316K, committed 105552K, reserved 608256K
  class space    used 13439K, capacity 14841K, committed 14848K, reserved 516096K
}
Event: 20.596 GC heap after
{Heap after GC invocations=66 (full 0):
 garbage-first heap   total 279552K, used 144617K [0x0000000080000000, 0x0000000100000000)
  region size 1024K, 7 young (7168K), 7 survivors (7168K)
 Metaspace       used 101546K, capacity 105316K, committed 105552K, reserved 608256K
  class space    used 13439K, capacity 14841K, committed 14848K, reserved 516096K
}
Event: 21.055 GC heap before
{Heap before GC invocations=67 (full 0):
 garbage-first heap   total 279552K, used 198889K [0x0000000080000000, 0x0000000100000000)
  region size 1024K, 56 young (57344K), 7 survivors (7168K)
 Metaspace       used 103824K, capacity 107729K, committed 107984K, reserved 610304K
  class space    used 13733K, capacity 15215K, committed 15232K, reserved 516096K
}
Event: 21.065 GC heap after
{Heap after GC invocations=68 (full 0):
 garbage-first heap   total 279552K, used 152239K [0x0000000080000000, 0x0000000100000000)
  region size 1024K, 7 young (7168K), 7 survivors (7168K)
 Metaspace       used 103824K, capacity 107729K, committed 107984K, reserved 610304K
  class space    used 13733K, capacity 15215K, committed 15232K, reserved 516096K
}
Event: 21.666 GC heap before
{Heap before GC invocations=68 (full 0):
 garbage-first heap   total 279552K, used 185007K [0x0000000080000000, 0x0000000100000000)
  region size 1024K, 40 young (40960K), 7 survivors (7168K)
 Metaspace       used 104633K, capacity 108746K, committed 108880K, reserved 610304K
  class space    used 13835K, capacity 15331K, committed 15360K, reserved 516096K
}
Event: 21.680 GC heap after
{Heap after GC invocations=69 (full 0):
 garbage-first heap   total 370688K, used 155309K [0x0000000080000000, 0x0000000100000000)
  region size 1024K, 7 young (7168K), 7 survivors (7168K)
 Metaspace       used 104633K, capacity 108746K, committed 108880K, reserved 610304K
  class space    used 13835K, capacity 15331K, committed 15360K, reserved 516096K
}

