# JRE version: Java(TM) SE Runtime Environment (17.0.9+11) (build 17.0.9+11-LTS-201)
# Java VM: Java HotSpot(TM) 64-Bit Server VM (17.0.9+11-LTS-201, mixed mode, sharing, tiered, compressed oops, compressed class ptrs, g1 gc, windows-amd64)
GC Precious Log:
 CPUs: 8 total, 8 available
 Memory: 7914M
 Large Page Support: Disabled
 NUMA Support: Disabled
 Compressed Oops: Enabled (32-bit)
 Heap Region Size: 1M
 Heap Min Capacity: 8M
 Heap Initial Capacity: 124M
 Heap Max Capacity: 2G
 Pre-touch: Disabled
 Parallel Workers: 8
 Concurrent Workers: 2
 Concurrent Refinement Workers: 8
 Periodic GC: Disabled
Heap:
 garbage-first heap   total 264192K, used 157627K [0x0000000080000000, 0x0000000100000000)
  region size 1024K, 9 young (9216K), 9 survivors (9216K)
 Metaspace       used 94308K, committed 95488K, reserved 557056K
  class space    used 13053K, committed 13632K, reserved 425984K
GC Heap History (20 events):
Event: 32.641 GC heap after
{Heap after GC invocations=35 (full 0):
 garbage-first heap   total 119808K, used 70751K [0x0000000080000000, 0x0000000100000000)
  region size 1024K, 3 young (3072K), 3 survivors (3072K)
 Metaspace       used 68091K, committed 68800K, reserved 491520K
  class space    used 9333K, committed 9664K, reserved 425984K
}
Event: 33.346 GC heap before
{Heap before GC invocations=36 (full 0):
 garbage-first heap   total 130048K, used 105567K [0x0000000080000000, 0x0000000100000000)
  region size 1024K, 30 young (30720K), 3 survivors (3072K)
 Metaspace       used 69559K, committed 70272K, reserved 491520K
  class space    used 9535K, committed 9856K, reserved 425984K
}
Event: 33.354 GC heap after
{Heap after GC invocations=37 (full 0):
 garbage-first heap   total 130048K, used 74533K [0x0000000080000000, 0x0000000100000000)
  region size 1024K, 4 young (4096K), 4 survivors (4096K)
 Metaspace       used 69559K, committed 70272K, reserved 491520K
  class space    used 9535K, committed 9856K, reserved 425984K
}
Event: 33.409 GC heap before
{Heap before GC invocations=37 (full 0):
 garbage-first heap   total 130048K, used 76581K [0x0000000080000000, 0x0000000100000000)
  region size 1024K, 6 young (6144K), 4 survivors (4096K)
 Metaspace       used 69697K, committed 70400K, reserved 491520K
  class space    used 9552K, committed 9856K, reserved 425984K
}
Event: 33.415 GC heap after
{Heap after GC invocations=38 (full 0):
 garbage-first heap   total 130048K, used 74723K [0x0000000080000000, 0x0000000100000000)
  region size 1024K, 1 young (1024K), 1 survivors (1024K)
 Metaspace       used 69697K, committed 70400K, reserved 491520K
  class space    used 9552K, committed 9856K, reserved 425984K
}
Event: 34.219 GC heap before
{Heap before GC invocations=38 (full 0):
 garbage-first heap   total 130048K, used 105443K [0x0000000080000000, 0x0000000100000000)
  region size 1024K, 30 young (30720K), 1 survivors (1024K)
 Metaspace       used 72461K, committed 73088K, reserved 491520K
  class space    used 9876K, committed 10176K, reserved 425984K
}
Event: 34.224 GC heap after
{Heap after GC invocations=39 (full 0):
 garbage-first heap   total 130048K, used 75651K [0x0000000080000000, 0x0000000100000000)
  region size 1024K, 2 young (2048K), 2 survivors (2048K)
 Metaspace       used 72461K, committed 73088K, reserved 491520K
  class space    used 9876K, committed 10176K, reserved 425984K
}
Event: 35.064 GC heap before
{Heap before GC invocations=40 (full 0):
 garbage-first heap   total 132096K, used 105347K [0x0000000080000000, 0x0000000100000000)
  region size 1024K, 31 young (31744K), 2 survivors (2048K)
 Metaspace       used 73125K, committed 73792K, reserved 491520K
  class space    used 10005K, committed 10304K, reserved 425984K
}
Event: 35.072 GC heap after
{Heap after GC invocations=41 (full 0):
 garbage-first heap   total 132096K, used 78510K [0x0000000080000000, 0x0000000100000000)
  region size 1024K, 4 young (4096K), 4 survivors (4096K)
 Metaspace       used 73125K, committed 73792K, reserved 491520K
  class space    used 10005K, committed 10304K, reserved 425984K
}
Event: 35.101 GC heap before
{Heap before GC invocations=41 (full 0):
 garbage-first heap   total 132096K, used 80558K [0x0000000080000000, 0x0000000100000000)
  region size 1024K, 6 young (6144K), 4 survivors (4096K)
 Metaspace       used 73143K, committed 73792K, reserved 491520K
  class space    used 10008K, committed 10304K, reserved 425984K
}
Event: 35.119 GC heap after
{Heap after GC invocations=42 (full 0):
 garbage-first heap   total 264192K, used 78976K [0x0000000080000000, 0x0000000100000000)
  region size 1024K, 1 young (1024K), 1 survivors (1024K)
 Metaspace       used 73143K, committed 73792K, reserved 491520K
  class space    used 10008K, committed 10304K, reserved 425984K
}
Event: 50.888 GC heap before
{Heap before GC invocations=42 (full 0):
 garbage-first heap   total 264192K, used 194688K [0x0000000080000000, 0x0000000100000000)
  region size 1024K, 115 young (117760K), 1 survivors (1024K)
 Metaspace       used 80821K, committed 81664K, reserved 557056K
  class space    used 11245K, committed 11648K, reserved 425984K
}
Event: 50.908 GC heap after
{Heap after GC invocations=43 (full 0):
 garbage-first heap   total 264192K, used 88419K [0x0000000080000000, 0x0000000100000000)
  region size 1024K, 11 young (11264K), 11 survivors (11264K)
 Metaspace       used 80821K, committed 81664K, reserved 557056K
  class space    used 11245K, committed 11648K, reserved 425984K
}
Event: 55.981 GC heap before
{Heap before GC invocations=43 (full 0):
 garbage-first heap   total 264192K, used 211299K [0x0000000080000000, 0x0000000100000000)
  region size 1024K, 119 young (121856K), 11 survivors (11264K)
 Metaspace       used 85037K, committed 85952K, reserved 557056K
  class space    used 11810K, committed 12224K, reserved 425984K
}
Event: 56.189 GC heap after
{Heap after GC invocations=44 (full 0):
 garbage-first heap   total 264192K, used 121398K [0x0000000080000000, 0x0000000100000000)
  region size 1024K, 15 young (15360K), 15 survivors (15360K)
 Metaspace       used 85037K, committed 85952K, reserved 557056K
  class space    used 11810K, committed 12224K, reserved 425984K
}
Event: 58.522 GC heap before
{Heap before GC invocations=44 (full 0):
 garbage-first heap   total 264192K, used 212534K [0x0000000080000000, 0x0000000100000000)
  region size 1024K, 97 young (99328K), 15 survivors (15360K)
 Metaspace       used 88103K, committed 89088K, reserved 557056K
  class space    used 12246K, committed 12672K, reserved 425984K
}
Event: 58.577 GC heap after
{Heap after GC invocations=45 (full 0):
 garbage-first heap   total 264192K, used 144588K [0x0000000080000000, 0x0000000100000000)
  region size 1024K, 13 young (13312K), 13 survivors (13312K)
 Metaspace       used 88103K, committed 89088K, reserved 557056K
  class space    used 12246K, committed 12672K, reserved 425984K
}
Event: 61.020 GC heap before
{Heap before GC invocations=45 (full 0):
 garbage-first heap   total 264192K, used 208076K [0x0000000080000000, 0x0000000100000000)
  region size 1024K, 75 young (76800K), 13 survivors (13312K)
 Metaspace       used 92547K, committed 93632K, reserved 557056K
  class space    used 12818K, committed 13376K, reserved 425984K
}
Event: 61.073 GC heap after
{Heap after GC invocations=46 (full 0):
 garbage-first heap   total 264192K, used 150156K [0x0000000080000000, 0x0000000100000000)
  region size 1024K, 5 young (5120K), 5 survivors (5120K)
 Metaspace       used 92547K, committed 93632K, reserved 557056K
  class space    used 12818K, committed 13376K, reserved 425984K
}
Event: 61.927 GC heap before
{Heap before GC invocations=46 (full 0):
 garbage-first heap   total 264192K, used 211596K [0x0000000080000000, 0x0000000100000000)
  region size 1024K, 65 young (66560K), 5 survivors (5120K)
 Metaspace       used 94308K, committed 95488K, reserved 557056K
  class space    used 13053K, committed 13632K, reserved 425984K
}

